# JRE version: Java(TM) SE Runtime Environment (8.0_112-b15) (build 1.8.0_112-b15)
# Java VM: Java HotSpot(TM) 64-Bit Server VM (25.112-b15 mixed mode windows-amd64 compressed oops)
Heap:
 PSYoungGen      total 46592K, used 20047K [0x00000007bc400000, 0x00000007c0000000, 0x00000007c0000000)
  eden space 32768K, 61% used [0x00000007bc400000,0x00000007bd793f08,0x00000007be400000)
  from space 13824K, 0% used [0x00000007be400000,0x00000007be400000,0x00000007bf180000)
  to   space 13312K, 0% used [0x00000007bf300000,0x00000007bf300000,0x00000007c0000000)
 ParOldGen       total 258048K, used 132660K [0x0000000700000000, 0x000000070fc00000, 0x00000007bc400000)
  object space 258048K, 51% used [0x0000000700000000,0x000000070818d078,0x000000070fc00000)
 Metaspace       used 82080K, capacity 83029K, committed 83584K, reserved 1120256K
  class space    used 12622K, capacity 12814K, committed 12928K, reserved 1048576K
GC Heap History (10 events):
Event: 850.244 GC heap before
{Heap before GC invocations=284 (full 14):
 PSYoungGen      total 41984K, used 26049K [0x00000007bc400000, 0x00000007c0000000, 0x00000007c0000000)
  eden space 23552K, 100% used [0x00000007bc400000,0x00000007bdb00000,0x00000007bdb00000)
  from space 18432K, 13% used [0x00000007bdb00000,0x00000007bdd704f8,0x00000007bed00000)
  to   space 17408K, 0% used [0x00000007bef00000,0x00000007bef00000,0x00000007c0000000)
 ParOldGen       total 258048K, used 136987K [0x0000000700000000, 0x000000070fc00000, 0x00000007bc400000)
  object space 258048K, 53% used [0x0000000700000000,0x00000007085c6fc8,0x000000070fc00000)
 Metaspace       used 82071K, capacity 83029K, committed 83584K, reserved 1120256K
  class space    used 12622K, capacity 12814K, committed 12928K, reserved 1048576K
Event: 850.250 GC heap after
Heap after GC invocations=284 (full 14):
 PSYoungGen      total 45568K, used 3153K [0x00000007bc400000, 0x00000007c0000000, 0x00000007c0000000)
  eden space 28160K, 0% used [0x00000007bc400000,0x00000007bc400000,0x00000007bdf80000)
  from space 17408K, 18% used [0x00000007bef00000,0x00000007bf214740,0x00000007c0000000)
  to   space 15872K, 0% used [0x00000007bdf80000,0x00000007bdf80000,0x00000007bef00000)
 ParOldGen       total 258048K, used 136987K [0x0000000700000000, 0x000000070fc00000, 0x00000007bc400000)
  object space 258048K, 53% used [0x0000000700000000,0x00000007085c6fc8,0x000000070fc00000)
 Metaspace       used 82071K, capacity 83029K, committed 83584K, reserved 1120256K
  class space    used 12622K, capacity 12814K, committed 12928K, reserved 1048576K
}
Event: 850.556 GC heap before
{Heap before GC invocations=285 (full 14):
 PSYoungGen      total 45568K, used 31313K [0x00000007bc400000, 0x00000007c0000000, 0x00000007c0000000)
  eden space 28160K, 100% used [0x00000007bc400000,0x00000007bdf80000,0x00000007bdf80000)
  from space 17408K, 18% used [0x00000007bef00000,0x00000007bf214740,0x00000007c0000000)
  to   space 15872K, 0% used [0x00000007bdf80000,0x00000007bdf80000,0x00000007bef00000)
 ParOldGen       total 258048K, used 136987K [0x0000000700000000, 0x000000070fc00000, 0x00000007bc400000)
  object space 258048K, 53% used [0x0000000700000000,0x00000007085c6fc8,0x000000070fc00000)
 Metaspace       used 82075K, capacity 83029K, committed 83584K, reserved 1120256K
  class space    used 12622K, capacity 12814K, committed 12928K, reserved 1048576K
Event: 850.561 GC heap after
Heap after GC invocations=285 (full 14):
 PSYoungGen      total 44032K, used 3153K [0x00000007bc400000, 0x00000007c0000000, 0x00000007c0000000)
  eden space 28160K, 0% used [0x00000007bc400000,0x00000007bc400000,0x00000007bdf80000)
  from space 15872K, 19% used [0x00000007bdf80000,0x00000007be294740,0x00000007bef00000)
  to   space 14848K, 0% used [0x00000007bf180000,0x00000007bf180000,0x00000007c0000000)
 ParOldGen       total 258048K, used 136987K [0x0000000700000000, 0x000000070fc00000, 0x00000007bc400000)
  object space 258048K, 53% used [0x0000000700000000,0x00000007085c6fc8,0x000000070fc00000)
 Metaspace       used 82075K, capacity 83029K, committed 83584K, reserved 1120256K
  class space    used 12622K, capacity 12814K, committed 12928K, reserved 1048576K
}
Event: 850.637 GC heap before
{Heap before GC invocations=286 (full 14):
 PSYoungGen      total 44032K, used 31313K [0x00000007bc400000, 0x00000007c0000000, 0x00000007c0000000)
  eden space 28160K, 100% used [0x00000007bc400000,0x00000007bdf80000,0x00000007bdf80000)
  from space 15872K, 19% used [0x00000007bdf80000,0x00000007be294740,0x00000007bef00000)
  to   space 14848K, 0% used [0x00000007bf180000,0x00000007bf180000,0x00000007c0000000)
 ParOldGen       total 258048K, used 136987K [0x0000000700000000, 0x000000070fc00000, 0x00000007bc400000)
  object space 258048K, 53% used [0x0000000700000000,0x00000007085c6fc8,0x000000070fc00000)
 Metaspace       used 82078K, capacity 83029K, committed 83584K, reserved 1120256K
  class space    used 12622K, capacity 12814K, committed 12928K, reserved 1048576K
Event: 850.643 GC heap after
Heap after GC invocations=286 (full 14):
 PSYoungGen      total 47616K, used 3077K [0x00000007bc400000, 0x00000007c0000000, 0x00000007c0000000)
  eden space 32768K, 0% used [0x00000007bc400000,0x00000007bc400000,0x00000007be400000)
  from space 14848K, 20% used [0x00000007bf180000,0x00000007bf481798,0x00000007c0000000)
  to   space 13824K, 0% used [0x00000007be400000,0x00000007be400000,0x00000007bf180000)
 ParOldGen       total 258048K, used 136987K [0x0000000700000000, 0x000000070fc00000, 0x00000007bc400000)
  object space 258048K, 53% used [0x0000000700000000,0x00000007085c6fc8,0x000000070fc00000)
 Metaspace       used 82078K, capacity 83029K, committed 83584K, reserved 1120256K
  class space    used 12622K, capacity 12814K, committed 12928K, reserved 1048576K
}
Event: 850.819 GC heap before
{Heap before GC invocations=287 (full 14):
 PSYoungGen      total 47616K, used 21361K [0x00000007bc400000, 0x00000007c0000000, 0x00000007c0000000)
  eden space 32768K, 55% used [0x00000007bc400000,0x00000007bd5dae68,0x00000007be400000)
  from space 14848K, 20% used [0x00000007bf180000,0x00000007bf481798,0x00000007c0000000)
  to   space 13824K, 0% used [0x00000007be400000,0x00000007be400000,0x00000007bf180000)
 ParOldGen       total 258048K, used 136987K [0x0000000700000000, 0x000000070fc00000, 0x00000007bc400000)
  object space 258048K, 53% used [0x0000000700000000,0x00000007085c6fc8,0x000000070fc00000)
 Metaspace       used 82079K, capacity 83029K, committed 83584K, reserved 1120256K
  class space    used 12622K, capacity 12814K, committed 12928K, reserved 1048576K
Event: 850.834 GC heap after
Heap after GC invocations=287 (full 14):
 PSYoungGen      total 46592K, used 1668K [0x00000007bc400000, 0x00000007c0000000, 0x00000007c0000000)
  eden space 32768K, 0% used [0x00000007bc400000,0x00000007bc400000,0x00000007be400000)
  from space 13824K, 12% used [0x00000007be400000,0x00000007be5a12a0,0x00000007bf180000)
  to   space 13312K, 0% used [0x00000007bf300000,0x00000007bf300000,0x00000007c0000000)
 ParOldGen       total 258048K, used 138488K [0x0000000700000000, 0x000000070fc00000, 0x00000007bc400000)
  object space 258048K, 53% used [0x0000000700000000,0x000000070873e2c8,0x000000070fc00000)
 Metaspace       used 82079K, capacity 83029K, committed 83584K, reserved 1120256K
  class space    used 12622K, capacity 12814K, committed 12928K, reserved 1048576K
}
Event: 850.834 GC heap before
{Heap before GC invocations=288 (full 15):
 PSYoungGen      total 46592K, used 1668K [0x00000007bc400000, 0x00000007c0000000, 0x00000007c0000000)
  eden space 32768K, 0% used [0x00000007bc400000,0x00000007bc400000,0x00000007be400000)
  from space 13824K, 12% used [0x00000007be400000,0x00000007be5a12a0,0x00000007bf180000)
  to   space 13312K, 0% used [0x00000007bf300000,0x00000007bf300000,0x00000007c0000000)
 ParOldGen       total 258048K, used 138488K [0x0000000700000000, 0x000000070fc00000, 0x00000007bc400000)
  object space 258048K, 53% used [0x0000000700000000,0x000000070873e2c8,0x000000070fc00000)
 Metaspace       used 82079K, capacity 83029K, committed 83584K, reserved 1120256K
  class space    used 12622K, capacity 12814K, committed 12928K, reserved 1048576K
Event: 851.245 GC heap after
Heap after GC invocations=288 (full 15):
 PSYoungGen      total 46592K, used 0K [0x00000007bc400000, 0x00000007c0000000, 0x00000007c0000000)
  eden space 32768K, 0% used [0x00000007bc400000,0x00000007bc400000,0x00000007be400000)
  from space 13824K, 0% used [0x00000007be400000,0x00000007be400000,0x00000007bf180000)
  to   space 13312K, 0% used [0x00000007bf300000,0x00000007bf300000,0x00000007c0000000)
 ParOldGen       total 258048K, used 132660K [0x0000000700000000, 0x000000070fc00000, 0x00000007bc400000)
  object space 258048K, 51% used [0x0000000700000000,0x000000070818d078,0x000000070fc00000)
 Metaspace       used 82079K, capacity 83029K, committed 83584K, reserved 1120256K
  class space    used 12622K, capacity 12814K, committed 12928K, reserved 1048576K
}

