# JRE version: Java(TM) SE Runtime Environment (8.0_112-b15) (build 1.8.0_112-b15)
# Java VM: Java HotSpot(TM) 64-Bit Server VM (25.112-b15 mixed mode windows-amd64 compressed oops)
Heap:
 PSYoungGen      total 48128K, used 23364K [0x00000007bc400000, 0x00000007c0000000, 0x00000007c0000000)
  eden space 35328K, 46% used [0x00000007bc400000,0x00000007bd4061d0,0x00000007be680000)
  from space 12800K, 54% used [0x00000007be680000,0x00000007bed4af30,0x00000007bf300000)
  to   space 12288K, 0% used [0x00000007bf400000,0x00000007bf400000,0x00000007c0000000)
 ParOldGen       total 316416K, used 188316K [0x0000000700000000, 0x0000000713500000, 0x00000007bc400000)
  object space 316416K, 59% used [0x0000000700000000,0x000000070b7e70b8,0x0000000713500000)
 Metaspace       used 104269K, capacity 105279K, committed 106240K, reserved 1138688K
  class space    used 16097K, capacity 16291K, committed 16384K, reserved 1048576K
GC Heap History (10 events):
Event: 13460.725 GC heap before
{Heap before GC invocations=1389 (full 113):
 PSYoungGen      total 48640K, used 42951K [0x00000007bc400000, 0x00000007c0000000, 0x00000007c0000000)
  eden space 35840K, 100% used [0x00000007bc400000,0x00000007be700000,0x00000007be700000)
  from space 12800K, 55% used [0x00000007be700000,0x00000007bedf1da0,0x00000007bf380000)
  to   space 12800K, 0% used [0x00000007bf380000,0x00000007bf380000,0x00000007c0000000)
 ParOldGen       total 316416K, used 187067K [0x0000000700000000, 0x0000000713500000, 0x00000007bc400000)
  object space 316416K, 59% used [0x0000000700000000,0x000000070b6aed88,0x0000000713500000)
 Metaspace       used 104248K, capacity 105267K, committed 106240K, reserved 1138688K
  class space    used 16096K, capacity 16289K, committed 16384K, reserved 1048576K
Event: 13460.731 GC heap after
Heap after GC invocations=1389 (full 113):
 PSYoungGen      total 48640K, used 8309K [0x00000007bc400000, 0x00000007c0000000, 0x00000007c0000000)
  eden space 35840K, 0% used [0x00000007bc400000,0x00000007bc400000,0x00000007be700000)
  from space 12800K, 64% used [0x00000007bf380000,0x00000007bfb9d490,0x00000007c0000000)
  to   space 12800K, 0% used [0x00000007be700000,0x00000007be700000,0x00000007bf380000)
 ParOldGen       total 316416K, used 187067K [0x0000000700000000, 0x0000000713500000, 0x00000007bc400000)
  object space 316416K, 59% used [0x0000000700000000,0x000000070b6aed88,0x0000000713500000)
 Metaspace       used 104248K, capacity 105267K, committed 106240K, reserved 1138688K
  class space    used 16096K, capacity 16289K, committed 16384K, reserved 1048576K
}
Event: 13464.853 GC heap before
{Heap before GC invocations=1390 (full 113):
 PSYoungGen      total 48640K, used 42554K [0x00000007bc400000, 0x00000007c0000000, 0x00000007c0000000)
  eden space 35840K, 95% used [0x00000007bc400000,0x00000007be571408,0x00000007be700000)
  from space 12800K, 64% used [0x00000007bf380000,0x00000007bfb9d490,0x00000007c0000000)
  to   space 12800K, 0% used [0x00000007be700000,0x00000007be700000,0x00000007bf380000)
 ParOldGen       total 316416K, used 187067K [0x0000000700000000, 0x0000000713500000, 0x00000007bc400000)
  object space 316416K, 59% used [0x0000000700000000,0x000000070b6aed88,0x0000000713500000)
 Metaspace       used 104248K, capacity 105267K, committed 106240K, reserved 1138688K
  class space    used 16096K, capacity 16289K, committed 16384K, reserved 1048576K
Event: 13464.859 GC heap after
Heap after GC invocations=1390 (full 113):
 PSYoungGen      total 44544K, used 8355K [0x00000007bc400000, 0x00000007c0000000, 0x00000007c0000000)
  eden space 35840K, 0% used [0x00000007bc400000,0x00000007bc400000,0x00000007be700000)
  from space 8704K, 95% used [0x00000007be700000,0x00000007bef28d60,0x00000007bef80000)
  to   space 13312K, 0% used [0x00000007bf300000,0x00000007bf300000,0x00000007c0000000)
 ParOldGen       total 316416K, used 187067K [0x0000000700000000, 0x0000000713500000, 0x00000007bc400000)
  object space 316416K, 59% used [0x0000000700000000,0x000000070b6aed88,0x0000000713500000)
 Metaspace       used 104248K, capacity 105267K, committed 106240K, reserved 1138688K
  class space    used 16096K, capacity 16289K, committed 16384K, reserved 1048576K
}
Event: 13464.859 GC heap before
{Heap before GC invocations=1391 (full 114):
 PSYoungGen      total 44544K, used 8355K [0x00000007bc400000, 0x00000007c0000000, 0x00000007c0000000)
  eden space 35840K, 0% used [0x00000007bc400000,0x00000007bc400000,0x00000007be700000)
  from space 8704K, 95% used [0x00000007be700000,0x00000007bef28d60,0x00000007bef80000)
  to   space 13312K, 0% used [0x00000007bf300000,0x00000007bf300000,0x00000007c0000000)
 ParOldGen       total 316416K, used 187067K [0x0000000700000000, 0x0000000713500000, 0x00000007bc400000)
  object space 316416K, 59% used [0x0000000700000000,0x000000070b6aed88,0x0000000713500000)
 Metaspace       used 104248K, capacity 105267K, committed 106240K, reserved 1138688K
  class space    used 16096K, capacity 16289K, committed 16384K, reserved 1048576K
Event: 13465.541 GC heap after
Heap after GC invocations=1391 (full 114):
 PSYoungGen      total 44544K, used 0K [0x00000007bc400000, 0x00000007c0000000, 0x00000007c0000000)
  eden space 35840K, 0% used [0x00000007bc400000,0x00000007bc400000,0x00000007be700000)
  from space 8704K, 0% used [0x00000007be700000,0x00000007be700000,0x00000007bef80000)
  to   space 13312K, 0% used [0x00000007bf300000,0x00000007bf300000,0x00000007c0000000)
 ParOldGen       total 316416K, used 188312K [0x0000000700000000, 0x0000000713500000, 0x00000007bc400000)
  object space 316416K, 59% used [0x0000000700000000,0x000000070b7e60e0,0x0000000713500000)
 Metaspace       used 104248K, capacity 105267K, committed 106240K, reserved 1138688K
  class space    used 16096K, capacity 16289K, committed 16384K, reserved 1048576K
}
Event: 13465.787 GC heap before
{Heap before GC invocations=1392 (full 114):
 PSYoungGen      total 44544K, used 33728K [0x00000007bc400000, 0x00000007c0000000, 0x00000007c0000000)
  eden space 35840K, 94% used [0x00000007bc400000,0x00000007be4f0058,0x00000007be700000)
  from space 8704K, 0% used [0x00000007be700000,0x00000007be700000,0x00000007bef80000)
  to   space 13312K, 0% used [0x00000007bf300000,0x00000007bf300000,0x00000007c0000000)
 ParOldGen       total 316416K, used 188312K [0x0000000700000000, 0x0000000713500000, 0x00000007bc400000)
  object space 316416K, 59% used [0x0000000700000000,0x000000070b7e60e0,0x0000000713500000)
 Metaspace       used 104252K, capacity 105267K, committed 106240K, reserved 1138688K
  class space    used 16096K, capacity 16289K, committed 16384K, reserved 1048576K
Event: 13465.791 GC heap after
Heap after GC invocations=1392 (full 114):
 PSYoungGen      total 48640K, used 5236K [0x00000007bc400000, 0x00000007c0000000, 0x00000007c0000000)
  eden space 35328K, 0% used [0x00000007bc400000,0x00000007bc400000,0x00000007be680000)
  from space 13312K, 39% used [0x00000007bf300000,0x00000007bf81d0e0,0x00000007c0000000)
  to   space 12800K, 0% used [0x00000007be680000,0x00000007be680000,0x00000007bf300000)
 ParOldGen       total 316416K, used 188312K [0x0000000700000000, 0x0000000713500000, 0x00000007bc400000)
  object space 316416K, 59% used [0x0000000700000000,0x000000070b7e60e0,0x0000000713500000)
 Metaspace       used 104252K, capacity 105267K, committed 106240K, reserved 1138688K
  class space    used 16096K, capacity 16289K, committed 16384K, reserved 1048576K
}
Event: 13471.920 GC heap before
{Heap before GC invocations=1393 (full 114):
 PSYoungGen      total 48640K, used 40564K [0x00000007bc400000, 0x00000007c0000000, 0x00000007c0000000)
  eden space 35328K, 100% used [0x00000007bc400000,0x00000007be680000,0x00000007be680000)
  from space 13312K, 39% used [0x00000007bf300000,0x00000007bf81d0e0,0x00000007c0000000)
  to   space 12800K, 0% used [0x00000007be680000,0x00000007be680000,0x00000007bf300000)
 ParOldGen       total 316416K, used 188316K [0x0000000700000000, 0x0000000713500000, 0x00000007bc400000)
  object space 316416K, 59% used [0x0000000700000000,0x000000070b7e70b8,0x0000000713500000)
 Metaspace       used 104267K, capacity 105279K, committed 106240K, reserved 1138688K
  class space    used 16097K, capacity 16291K, committed 16384K, reserved 1048576K
Event: 13471.926 GC heap after
Heap after GC invocations=1393 (full 114):
 PSYoungGen      total 48128K, used 6955K [0x00000007bc400000, 0x00000007c0000000, 0x00000007c0000000)
  eden space 35328K, 0% used [0x00000007bc400000,0x00000007bc400000,0x00000007be680000)
  from space 12800K, 54% used [0x00000007be680000,0x00000007bed4af30,0x00000007bf300000)
  to   space 12288K, 0% used [0x00000007bf400000,0x00000007bf400000,0x00000007c0000000)
 ParOldGen       total 316416K, used 188316K [0x0000000700000000, 0x0000000713500000, 0x00000007bc400000)
  object space 316416K, 59% used [0x0000000700000000,0x000000070b7e70b8,0x0000000713500000)
 Metaspace       used 104267K, capacity 105279K, committed 106240K, reserved 1138688K
  class space    used 16097K, capacity 16291K, committed 16384K, reserved 1048576K
}

